mode: set
github.com/josedgm/orders_go/main.go:11.13,14.46 2 0
github.com/josedgm/orders_go/main.go:14.46,18.59 2 0
github.com/josedgm/orders_go/main.go:18.59,21.4 2 0
github.com/josedgm/orders_go/main.go:24.3,25.22 2 0
github.com/josedgm/orders_go/main.go:25.22,26.31 1 0
github.com/josedgm/orders_go/main.go:26.31,28.5 1 0
github.com/josedgm/orders_go/main.go:32.3,32.43 1 0
github.com/josedgm/orders_go/main.go:36.2,36.21 1 0
github.com/josedgm/orders_go/orders/orders.go:34.55,35.100 1 1
github.com/josedgm/orders_go/orders/orders.go:35.100,37.3 1 1
github.com/josedgm/orders_go/orders/orders.go:38.2,38.35 1 1
github.com/josedgm/orders_go/orders/orders.go:38.35,39.24 1 1
github.com/josedgm/orders_go/orders/orders.go:39.24,41.4 1 1
github.com/josedgm/orders_go/orders/orders.go:42.3,42.23 1 1
github.com/josedgm/orders_go/orders/orders.go:42.23,44.4 1 1
github.com/josedgm/orders_go/orders/orders.go:46.2,46.12 1 1
github.com/josedgm/orders_go/orders/orders.go:50.61,51.29 1 1
github.com/josedgm/orders_go/orders/orders.go:51.29,52.28 1 1
github.com/josedgm/orders_go/orders/orders.go:52.28,54.4 1 1
github.com/josedgm/orders_go/orders/orders.go:56.2,56.14 1 1
github.com/josedgm/orders_go/orders/orders.go:60.73,64.31 3 1
github.com/josedgm/orders_go/orders/orders.go:64.31,65.54 1 1
github.com/josedgm/orders_go/orders/orders.go:65.54,68.12 2 1
github.com/josedgm/orders_go/orders/orders.go:70.3,70.36 1 1
github.com/josedgm/orders_go/orders/orders.go:70.36,71.65 1 1
github.com/josedgm/orders_go/orders/orders.go:71.65,77.5 1 1
github.com/josedgm/orders_go/orders/orders.go:81.2,82.36 2 1
github.com/josedgm/orders_go/orders/orders.go:82.36,84.3 1 1
github.com/josedgm/orders_go/orders/orders.go:86.2,86.21 1 1
